Pulling ClinVar variants for 2169 genes...
  [0/2169] AAAS
  [50/2169] AGO1
  [100/2169] AP2M1
  [150/2169] ATAD2B
  [200/2169] BBS10
  [250/2169] C2CD3
  [300/2169] CCNK
  [350/2169] CHD7
  [400/2169] COPB1
  [450/2169] CUX2
  [500/2169] DISP1
  [550/2169] DZIP1
  [600/2169] ERCC6L2
  [650/2169] FBXW11
  [700/2169] FTCD
  [750/2169] GLIS3
  [800/2169] GTF2E2
  [850/2169] HIVEP2
  [900/2169] INPP4A
  [950/2169] KCND3
  [1000/2169] KLHL13
  [1050/2169] LRP2
  [1100/2169] MCCC2
  [1150/2169] MOGS
  [1200/2169] NANS
  [1250/2169] NFE2L2
  [1300/2169] NUDT2
  [1350/2169] PCNT
  [1400/2169] PIBF1
  [1450/2169] PNPLA8
  [1500/2169] PRMT9
  [1550/2169] RAB1A
  [1600/2169] RNASEH2B
  [1650/2169] SART3
  [1700/2169] SHMT2
  [1750/2169] SLC6A19
  [1800/2169] SOX10
  [1850/2169] STXBP1
  [1900/2169] TBX2
  [1950/2169] TMEM218
  [2000/2169] TSC2
  [2050/2169] UNC13A
  [2100/2169] WDR62
  [2150/2169] ZMYND10

Total P/LP variants retrieved: 29416
Genes with variants: 2281
Errors: 3
Saved → /Users/jamie-leethompson/chd-ndd-network/data/raw/clinvar_variants.json
